SF:lib\domain\entities\pomodoro_status.dart
DA:15,1
DA:21,0
DA:22,0
LF:3
LH:1
end_of_record
SF:lib\domain\entities\pomodoro_status.g.dart
DA:9,0
DA:10,0
DA:12,0
DA:13,0
DA:16,0
DA:17,0
DA:19,0
DA:20,0
LF:8
LH:0
end_of_record
SF:lib\domain\entities\pomodoro_watch.dart
DA:7,1
DA:19,2
DA:24,2
DA:28,2
DA:31,3
DA:33,1
DA:34,1
DA:35,1
DA:36,1
DA:39,0
DA:40,0
DA:41,0
DA:42,0
DA:45,1
DA:46,1
DA:48,1
DA:51,1
DA:54,1
DA:55,1
DA:56,1
DA:57,3
DA:60,0
DA:61,0
DA:62,0
DA:63,0
DA:67,0
DA:68,0
DA:69,0
DA:70,0
DA:71,0
DA:72,0
DA:73,0
DA:74,0
DA:76,0
DA:79,0
DA:81,0
DA:85,1
DA:86,2
DA:90,3
DA:91,3
DA:92,2
DA:94,1
DA:95,5
DA:97,2
DA:98,0
DA:102,0
DA:103,0
DA:104,0
LF:48
LH:25
end_of_record
SF:lib\domain\value_objects\start_time.dart
DA:6,1
DA:8,2
DA:10,0
DA:12,0
DA:13,0
DA:14,0
DA:15,0
DA:18,0
DA:20,0
DA:24,0
DA:25,0
DA:26,0
DA:32,0
DA:34,0
DA:39,0
DA:41,0
DA:43,0
DA:46,0
DA:48,0
LF:19
LH:2
end_of_record
SF:lib\domain\value_objects\time.dart
DA:9,1
DA:11,1
DA:12,5
DA:14,4
DA:16,0
DA:17,0
DA:18,2
DA:19,0
DA:21,1
DA:22,3
DA:24,1
DA:26,1
DA:30,1
DA:32,3
DA:37,1
DA:39,2
DA:44,5
DA:46,0
DA:48,0
DA:51,0
DA:53,0
LF:21
LH:14
end_of_record
SF:lib\domain\entities\timer_entity.dart
DA:16,1
DA:26,9
DA:29,6
DA:32,7
LF:4
LH:4
end_of_record
